c:\users\user\desktop\procademy_project\procademy\project\profiling\profiling\debug\vc143.pdb
c:\users\user\desktop\procademy_project\procademy\project\profiling\profiling\debug\vc143.idb
c:\users\user\desktop\procademy_project\procademy\project\profiling\profiling\debug\myprofile.obj
c:\users\user\desktop\procademy_project\procademy\project\profiling\profiling\debug\main.obj
c:\users\user\desktop\procademy_project\procademy\project\profiling\profiling\debug\profiling.ilk
c:\users\user\desktop\procademy_project\procademy\project\profiling\debug\profiling.exe
c:\users\user\desktop\procademy_project\procademy\project\profiling\debug\profiling.pdb
c:\users\dpsem\onedrive\바탕 화면\procademy\project\profiling\profiling\debug\main.obj
c:\users\dpsem\onedrive\바탕 화면\procademy\project\profiling\profiling\debug\myprofile.obj
c:\users\dpsem\onedrive\바탕 화면\procademy\project\profiling\profiling\debug\profiling.ilk
c:\users\dpsem\onedrive\바탕 화면\procademy\project\profiling\profiling\debug\vc143.idb
c:\users\dpsem\onedrive\바탕 화면\procademy\project\profiling\profiling\debug\vc143.pdb
c:\users\dpsem\onedrive\바탕 화면\procademy\project\profiling\debug\profiling.pdb
c:\users\dpsem\onedrive\바탕 화면\procademy\project\profiling\debug\profiling.exe
c:\users\dpsem\onedrive\바탕 화면\procademy\project\profiling\profiling\debug\profiling.tlog\cl.command.1.tlog
c:\users\dpsem\onedrive\바탕 화면\procademy\project\profiling\profiling\debug\profiling.tlog\cl.items.tlog
c:\users\dpsem\onedrive\바탕 화면\procademy\project\profiling\profiling\debug\profiling.tlog\cl.read.1.tlog
c:\users\dpsem\onedrive\바탕 화면\procademy\project\profiling\profiling\debug\profiling.tlog\cl.write.1.tlog
c:\users\dpsem\onedrive\바탕 화면\procademy\project\profiling\profiling\debug\profiling.tlog\link.command.1.tlog
c:\users\dpsem\onedrive\바탕 화면\procademy\project\profiling\profiling\debug\profiling.tlog\link.read.1.tlog
c:\users\dpsem\onedrive\바탕 화면\procademy\project\profiling\profiling\debug\profiling.tlog\link.write.1.tlog
