  CBaseObject.cpp
  CBullet.cpp
  CEnemy.cpp
  CObjectManager.cpp
  CollisionObject.cpp
  ConsoleBuffer.cpp
  CParsing_ANSI.cpp
  CSceneBase.cpp
  CSceneClear.cpp
  CSceneGame.cpp
  CSceneLoad.cpp
  CSceneOver.cpp
  CSceneTitle.cpp
  CTitleObject.cpp
  FPSManager.cpp
  main.cpp
  CPlayer.cpp
  MyNew.cpp
  SceneManager.cpp
  코드를 생성하고 있습니다.
  Previous IPDB not found, fall back to full compilation.
  All 185 functions were compiled because no usable IPDB/IOBJ from previous compilation was found.
  코드를 생성했습니다.
  OOP.vcxproj -> C:\Users\User\Desktop\procademy_project\procademy\project\OOP\x64\Release\OOP.exe
