c:\users\user\desktop\procademy_project\procademy\project\oop\oop\x64\release\vc143.pdb
c:\users\user\desktop\procademy_project\procademy\project\oop\oop\x64\release\scenemanager.obj
c:\users\user\desktop\procademy_project\procademy\project\oop\oop\x64\release\cplayer.obj
c:\users\user\desktop\procademy_project\procademy\project\oop\oop\x64\release\main.obj
c:\users\user\desktop\procademy_project\procademy\project\oop\oop\x64\release\fpsmanager.obj
c:\users\user\desktop\procademy_project\procademy\project\oop\oop\x64\release\ctitleobject.obj
c:\users\user\desktop\procademy_project\procademy\project\oop\oop\x64\release\cscenetitle.obj
c:\users\user\desktop\procademy_project\procademy\project\oop\oop\x64\release\csceneload.obj
c:\users\user\desktop\procademy_project\procademy\project\oop\oop\x64\release\cscenegame.obj
c:\users\user\desktop\procademy_project\procademy\project\oop\oop\x64\release\csceneclear.obj
c:\users\user\desktop\procademy_project\procademy\project\oop\oop\x64\release\cscenebase.obj
c:\users\user\desktop\procademy_project\procademy\project\oop\oop\x64\release\cparsing_ansi.obj
c:\users\user\desktop\procademy_project\procademy\project\oop\oop\x64\release\consolebuffer.obj
c:\users\user\desktop\procademy_project\procademy\project\oop\oop\x64\release\collisionobject.obj
c:\users\user\desktop\procademy_project\procademy\project\oop\oop\x64\release\cobjectmanager.obj
c:\users\user\desktop\procademy_project\procademy\project\oop\oop\x64\release\cenemy.obj
c:\users\user\desktop\procademy_project\procademy\project\oop\oop\x64\release\cbullet.obj
c:\users\user\desktop\procademy_project\procademy\project\oop\oop\x64\release\cbaseobject.obj
c:\users\user\desktop\procademy_project\procademy\project\oop\x64\release\oop.exe
c:\users\user\desktop\procademy_project\procademy\project\oop\oop\x64\release\oop.ipdb
c:\users\user\desktop\procademy_project\procademy\project\oop\x64\release\oop.pdb
c:\users\user\desktop\procademy_project\procademy\project\oop\oop\x64\release\oop.iobj
c:\users\user\desktop\procademy_project\procademy\project\oop\oop\x64\release\oop.tlog\cl.command.1.tlog
c:\users\user\desktop\procademy_project\procademy\project\oop\oop\x64\release\oop.tlog\cl.items.tlog
c:\users\user\desktop\procademy_project\procademy\project\oop\oop\x64\release\oop.tlog\cl.read.1.tlog
c:\users\user\desktop\procademy_project\procademy\project\oop\oop\x64\release\oop.tlog\cl.write.1.tlog
c:\users\user\desktop\procademy_project\procademy\project\oop\oop\x64\release\oop.tlog\link.command.1.tlog
c:\users\user\desktop\procademy_project\procademy\project\oop\oop\x64\release\oop.tlog\link.read.1.tlog
c:\users\user\desktop\procademy_project\procademy\project\oop\oop\x64\release\oop.tlog\link.write.1.tlog
