  MBCS_WBCS2.cpp
C:\Users\user\Desktop\mint\windowSystem\MBCS_WBCS2\MBCS_WBCS2\MBCS_WBCS2.cpp(1,1): warning C4005: 'UNICODE': 매크로 재정의
  C:\Users\user\Desktop\mint\windowSystem\MBCS_WBCS2\MBCS_WBCS2\MBCS_WBCS2.cpp(1,1):
  이전에 명령줄에서 선언된 'UNICODE'
  
C:\Users\user\Desktop\mint\windowSystem\MBCS_WBCS2\MBCS_WBCS2\MBCS_WBCS2.cpp(2,1): warning C4005: '_UNICODE': 매크로 재정의
  C:\Users\user\Desktop\mint\windowSystem\MBCS_WBCS2\MBCS_WBCS2\MBCS_WBCS2.cpp(2,1):
  이전에 명령줄에서 선언된 '_UNICODE'
  
C:\Users\user\Desktop\mint\windowSystem\MBCS_WBCS2\MBCS_WBCS2\MBCS_WBCS2.cpp(17,11): warning C4477: 'wprintf' : 서식 문자열 '%d'에 'int' 형식의 인수가 필요하지만 variadic 인수 1의 형식이 'size_t'입니다.
  C:\Users\user\Desktop\mint\windowSystem\MBCS_WBCS2\MBCS_WBCS2\MBCS_WBCS2.cpp(17,11):
  서식 문자열에서 '%zd'을(를) 사용하는 것이 좋습니다.
  
C:\Users\user\Desktop\mint\windowSystem\MBCS_WBCS2\MBCS_WBCS2\MBCS_WBCS2.cpp(18,11): warning C4477: 'wprintf' : 서식 문자열 '%d'에 'int' 형식의 인수가 필요하지만 variadic 인수 1의 형식이 'size_t'입니다.
  C:\Users\user\Desktop\mint\windowSystem\MBCS_WBCS2\MBCS_WBCS2\MBCS_WBCS2.cpp(18,11):
  서식 문자열에서 '%zd'을(를) 사용하는 것이 좋습니다.
  
C:\Users\user\Desktop\mint\windowSystem\MBCS_WBCS2\MBCS_WBCS2\MBCS_WBCS2.cpp(21,12): warning C4473: 'wscanf_s': 서식 문자열에 대한 인수가 충분하게 전달되지 않았습니다.
  C:\Users\user\Desktop\mint\windowSystem\MBCS_WBCS2\MBCS_WBCS2\MBCS_WBCS2.cpp(21,12):
  자리 표시자 및 해당 매개 변수에는 variadic 인수가 2개 필요하지만 1개가 제공되었습니다.
  C:\Users\user\Desktop\mint\windowSystem\MBCS_WBCS2\MBCS_WBCS2\MBCS_WBCS2.cpp(21,12):
  누락된 variadic 인수 2이(가) 서식 문자열 '%s'에 필요합니다.
  C:\Users\user\Desktop\mint\windowSystem\MBCS_WBCS2\MBCS_WBCS2\MBCS_WBCS2.cpp(21,12):
  이 인수는 버퍼 크기로 사용됩니다.
  
C:\Users\user\Desktop\mint\windowSystem\MBCS_WBCS2\MBCS_WBCS2\MBCS_WBCS2.cpp(23,12): warning C4473: 'wscanf_s': 서식 문자열에 대한 인수가 충분하게 전달되지 않았습니다.
  C:\Users\user\Desktop\mint\windowSystem\MBCS_WBCS2\MBCS_WBCS2\MBCS_WBCS2.cpp(23,12):
  자리 표시자 및 해당 매개 변수에는 variadic 인수가 2개 필요하지만 1개가 제공되었습니다.
  C:\Users\user\Desktop\mint\windowSystem\MBCS_WBCS2\MBCS_WBCS2\MBCS_WBCS2.cpp(23,12):
  누락된 variadic 인수 2이(가) 서식 문자열 '%s'에 필요합니다.
  C:\Users\user\Desktop\mint\windowSystem\MBCS_WBCS2\MBCS_WBCS2\MBCS_WBCS2.cpp(23,12):
  이 인수는 버퍼 크기로 사용됩니다.
  
  MBCS_WBCS2.vcxproj -> C:\Users\user\Desktop\mint\windowSystem\MBCS_WBCS2\x64\Debug\MBCS_WBCS2.exe
