c:\users\dpsem\onedrive\바탕 화면\procademy\project\pathfinder_v2\pathfinder_v2\debug\vc143.pdb
c:\users\dpsem\onedrive\바탕 화면\procademy\project\pathfinder_v2\pathfinder_v2\debug\vc143.idb
c:\users\dpsem\onedrive\바탕 화면\procademy\project\pathfinder_v2\pathfinder_v2\debug\wndproc.obj
c:\users\dpsem\onedrive\바탕 화면\procademy\project\pathfinder_v2\pathfinder_v2\debug\tile.obj
c:\users\dpsem\onedrive\바탕 화면\procademy\project\pathfinder_v2\pathfinder_v2\debug\registerclass.obj
c:\users\dpsem\onedrive\바탕 화면\procademy\project\pathfinder_v2\pathfinder_v2\debug\main.obj
c:\users\dpsem\onedrive\바탕 화면\procademy\project\pathfinder_v2\pathfinder_v2\debug\initstance.obj
c:\users\dpsem\onedrive\바탕 화면\procademy\project\pathfinder_v2\pathfinder_v2\debug\cellular_automata.obj
c:\users\dpsem\onedrive\바탕 화면\procademy\project\pathfinder_v2\pathfinder_v2\debug\a_star.obj
c:\users\dpsem\onedrive\바탕 화면\procademy\project\pathfinder_v2\debug\pathfinder_v2.exe
c:\users\dpsem\onedrive\바탕 화면\procademy\project\pathfinder_v2\debug\pathfinder_v2.pdb
c:\users\dpsem\onedrive\바탕 화면\procademy\project\pathfinder_v2\pathfinder_v2\debug\pathfinder_v2.res
c:\users\dpsem\onedrive\바탕 화면\procademy\project\pathfinder_v2\pathfinder_v2\debug\pathfinder_v2.ilk
c:\users\dpsem\onedrive\바탕 화면\procademy\project\pathfinder_v2\pathfinder_v2\debug\pathfinder_v2.tlog\cl.command.1.tlog
c:\users\dpsem\onedrive\바탕 화면\procademy\project\pathfinder_v2\pathfinder_v2\debug\pathfinder_v2.tlog\cl.items.tlog
c:\users\dpsem\onedrive\바탕 화면\procademy\project\pathfinder_v2\pathfinder_v2\debug\pathfinder_v2.tlog\cl.read.1.tlog
c:\users\dpsem\onedrive\바탕 화면\procademy\project\pathfinder_v2\pathfinder_v2\debug\pathfinder_v2.tlog\cl.write.1.tlog
c:\users\dpsem\onedrive\바탕 화면\procademy\project\pathfinder_v2\pathfinder_v2\debug\pathfinder_v2.tlog\link.command.1.tlog
c:\users\dpsem\onedrive\바탕 화면\procademy\project\pathfinder_v2\pathfinder_v2\debug\pathfinder_v2.tlog\link.read.1.tlog
c:\users\dpsem\onedrive\바탕 화면\procademy\project\pathfinder_v2\pathfinder_v2\debug\pathfinder_v2.tlog\link.secondary.1.tlog
c:\users\dpsem\onedrive\바탕 화면\procademy\project\pathfinder_v2\pathfinder_v2\debug\pathfinder_v2.tlog\link.write.1.tlog
c:\users\dpsem\onedrive\바탕 화면\procademy\project\pathfinder_v2\pathfinder_v2\debug\pathfinder_v2.tlog\rc.command.1.tlog
c:\users\dpsem\onedrive\바탕 화면\procademy\project\pathfinder_v2\pathfinder_v2\debug\pathfinder_v2.tlog\rc.read.1.tlog
c:\users\dpsem\onedrive\바탕 화면\procademy\project\pathfinder_v2\pathfinder_v2\debug\pathfinder_v2.tlog\rc.write.1.tlog
