c:\users\user\desktop\procademy_project\procademy\project\pathfinder\pathfinder\debug\vc143.pdb
c:\users\user\desktop\procademy_project\procademy\project\pathfinder\pathfinder\debug\vc143.idb
c:\users\user\desktop\procademy_project\procademy\project\pathfinder\pathfinder\debug\pathfinder.obj
c:\users\user\desktop\procademy_project\procademy\project\pathfinder\pathfinder\debug\my.obj
c:\users\user\desktop\procademy_project\procademy\project\pathfinder\pathfinder\debug\a_star.obj
c:\users\user\desktop\procademy_project\procademy\project\pathfinder\debug\pathfinder.exe
c:\users\user\desktop\procademy_project\procademy\project\pathfinder\pathfinder\debug\pathfinder.ilk
c:\users\user\desktop\procademy_project\procademy\project\pathfinder\debug\pathfinder.pdb
c:\users\user\desktop\procademy_project\procademy\project\pathfinder\pathfinder\debug\pathfinder.res
c:\users\user\desktop\procademy_project\procademy\project\pathfinder\pathfinder\debug\pathfinder.tlog\cl.command.1.tlog
c:\users\user\desktop\procademy_project\procademy\project\pathfinder\pathfinder\debug\pathfinder.tlog\cl.items.tlog
c:\users\user\desktop\procademy_project\procademy\project\pathfinder\pathfinder\debug\pathfinder.tlog\cl.read.1.tlog
c:\users\user\desktop\procademy_project\procademy\project\pathfinder\pathfinder\debug\pathfinder.tlog\cl.write.1.tlog
c:\users\user\desktop\procademy_project\procademy\project\pathfinder\pathfinder\debug\pathfinder.tlog\link.command.1.tlog
c:\users\user\desktop\procademy_project\procademy\project\pathfinder\pathfinder\debug\pathfinder.tlog\link.read.1.tlog
c:\users\user\desktop\procademy_project\procademy\project\pathfinder\pathfinder\debug\pathfinder.tlog\link.secondary.1.tlog
c:\users\user\desktop\procademy_project\procademy\project\pathfinder\pathfinder\debug\pathfinder.tlog\link.write.1.tlog
c:\users\user\desktop\procademy_project\procademy\project\pathfinder\pathfinder\debug\pathfinder.tlog\rc.command.1.tlog
c:\users\user\desktop\procademy_project\procademy\project\pathfinder\pathfinder\debug\pathfinder.tlog\rc.read.1.tlog
c:\users\user\desktop\procademy_project\procademy\project\pathfinder\pathfinder\debug\pathfinder.tlog\rc.write.1.tlog
