c:\users\user\desktop\procademy_project\procademy\project\oop\oop\release\vc143.pdb
c:\users\user\desktop\procademy_project\procademy\project\oop\oop\release\scenemanager.obj
c:\users\user\desktop\procademy_project\procademy\project\oop\oop\release\mynew.obj
c:\users\user\desktop\procademy_project\procademy\project\oop\oop\release\cplayer.obj
c:\users\user\desktop\procademy_project\procademy\project\oop\oop\release\main.obj
c:\users\user\desktop\procademy_project\procademy\project\oop\oop\release\fpsmanager.obj
c:\users\user\desktop\procademy_project\procademy\project\oop\oop\release\ctitleobject.obj
c:\users\user\desktop\procademy_project\procademy\project\oop\oop\release\cscenetitle.obj
c:\users\user\desktop\procademy_project\procademy\project\oop\oop\release\csceneover.obj
c:\users\user\desktop\procademy_project\procademy\project\oop\oop\release\csceneload.obj
c:\users\user\desktop\procademy_project\procademy\project\oop\oop\release\cscenegame.obj
c:\users\user\desktop\procademy_project\procademy\project\oop\oop\release\csceneclear.obj
c:\users\user\desktop\procademy_project\procademy\project\oop\oop\release\cscenebase.obj
c:\users\user\desktop\procademy_project\procademy\project\oop\oop\release\cparsing_ansi.obj
c:\users\user\desktop\procademy_project\procademy\project\oop\oop\release\consolebuffer.obj
c:\users\user\desktop\procademy_project\procademy\project\oop\oop\release\collisionobject.obj
c:\users\user\desktop\procademy_project\procademy\project\oop\oop\release\cobjectmanager.obj
c:\users\user\desktop\procademy_project\procademy\project\oop\oop\release\cenemy.obj
c:\users\user\desktop\procademy_project\procademy\project\oop\oop\release\cbullet.obj
c:\users\user\desktop\procademy_project\procademy\project\oop\oop\release\cbaseobject.obj
c:\users\user\desktop\procademy_project\procademy\project\oop\release\oop.exe
c:\users\user\desktop\procademy_project\procademy\project\oop\release\oop.pdb
c:\users\user\desktop\procademy_project\procademy\project\oop\oop\release\oop.ipdb
c:\users\user\desktop\procademy_project\procademy\project\oop\oop\release\oop.iobj
c:\users\user\desktop\procademy_project\procademy\project\oop\oop\release\oop.tlog\cl.command.1.tlog
c:\users\user\desktop\procademy_project\procademy\project\oop\oop\release\oop.tlog\cl.items.tlog
c:\users\user\desktop\procademy_project\procademy\project\oop\oop\release\oop.tlog\cl.read.1.tlog
c:\users\user\desktop\procademy_project\procademy\project\oop\oop\release\oop.tlog\cl.write.1.tlog
c:\users\user\desktop\procademy_project\procademy\project\oop\oop\release\oop.tlog\link.command.1.tlog
c:\users\user\desktop\procademy_project\procademy\project\oop\oop\release\oop.tlog\link.read.1.tlog
c:\users\user\desktop\procademy_project\procademy\project\oop\oop\release\oop.tlog\link.secondary.1.tlog
c:\users\user\desktop\procademy_project\procademy\project\oop\oop\release\oop.tlog\link.write.1.tlog
