  MyProfile.cpp
C:\Users\User\Desktop\procademy_project\procademy\project\Profiling\Profiling\MyProfile.cpp(97,22): warning C4477: 'fwprintf_s' : 서식 문자열 '%ld'에 'long' 형식의 인수가 필요하지만 variadic 인수 2의 형식이 '__int64'입니다.
  C:\Users\User\Desktop\procademy_project\procademy\project\Profiling\Profiling\MyProfile.cpp(97,22):
  서식 문자열에서 '%lld'을(를) 사용하는 것이 좋습니다.
  C:\Users\User\Desktop\procademy_project\procademy\project\Profiling\Profiling\MyProfile.cpp(97,22):
  서식 문자열에서 '%Id'을(를) 사용하는 것이 좋습니다.
  C:\Users\User\Desktop\procademy_project\procademy\project\Profiling\Profiling\MyProfile.cpp(97,22):
  서식 문자열에서 '%I64d'을(를) 사용하는 것이 좋습니다.
  
C:\Users\User\Desktop\procademy_project\procademy\project\Profiling\Profiling\MyProfile.cpp(97,22): warning C4477: 'fwprintf_s' : 서식 문자열 '%ld'에 'long' 형식의 인수가 필요하지만 variadic 인수 3의 형식이 '__int64'입니다.
  C:\Users\User\Desktop\procademy_project\procademy\project\Profiling\Profiling\MyProfile.cpp(97,22):
  서식 문자열에서 '%lld'을(를) 사용하는 것이 좋습니다.
  C:\Users\User\Desktop\procademy_project\procademy\project\Profiling\Profiling\MyProfile.cpp(97,22):
  서식 문자열에서 '%Id'을(를) 사용하는 것이 좋습니다.
  C:\Users\User\Desktop\procademy_project\procademy\project\Profiling\Profiling\MyProfile.cpp(97,22):
  서식 문자열에서 '%I64d'을(를) 사용하는 것이 좋습니다.
  
C:\Users\User\Desktop\procademy_project\procademy\project\Profiling\Profiling\MyProfile.cpp(97,22): warning C4477: 'fwprintf_s' : 서식 문자열 '%ld'에 'long' 형식의 인수가 필요하지만 variadic 인수 4의 형식이 '__int64'입니다.
  C:\Users\User\Desktop\procademy_project\procademy\project\Profiling\Profiling\MyProfile.cpp(97,22):
  서식 문자열에서 '%lld'을(를) 사용하는 것이 좋습니다.
  C:\Users\User\Desktop\procademy_project\procademy\project\Profiling\Profiling\MyProfile.cpp(97,22):
  서식 문자열에서 '%Id'을(를) 사용하는 것이 좋습니다.
  C:\Users\User\Desktop\procademy_project\procademy\project\Profiling\Profiling\MyProfile.cpp(97,22):
  서식 문자열에서 '%I64d'을(를) 사용하는 것이 좋습니다.
  
C:\Users\User\Desktop\procademy_project\procademy\project\Profiling\Profiling\MyProfile.cpp(97,22): warning C4477: 'fwprintf_s' : 서식 문자열 '%ld'에 'long' 형식의 인수가 필요하지만 variadic 인수 5의 형식이 '__int64'입니다.
  C:\Users\User\Desktop\procademy_project\procademy\project\Profiling\Profiling\MyProfile.cpp(97,22):
  서식 문자열에서 '%lld'을(를) 사용하는 것이 좋습니다.
  C:\Users\User\Desktop\procademy_project\procademy\project\Profiling\Profiling\MyProfile.cpp(97,22):
  서식 문자열에서 '%Id'을(를) 사용하는 것이 좋습니다.
  C:\Users\User\Desktop\procademy_project\procademy\project\Profiling\Profiling\MyProfile.cpp(97,22):
  서식 문자열에서 '%I64d'을(를) 사용하는 것이 좋습니다.
  
  코드를 생성하고 있습니다.
  0 of 15 functions ( 0.0%) were compiled, the rest were copied from previous compilation.
    0 functions were new in current compilation
    0 functions had inline decision re-evaluated but remain unchanged
  코드를 생성했습니다.
  Profiling.vcxproj -> C:\Users\User\Desktop\procademy_project\procademy\project\Profiling\x64\Release\Profiling.exe
