c:\users\user\desktop\procademy_project\procademy\project\oop\oop\x64\debug\vc143.pdb
c:\users\user\desktop\procademy_project\procademy\project\oop\oop\x64\debug\vc143.idb
c:\users\user\desktop\procademy_project\procademy\project\oop\oop\x64\debug\scenemanager.obj
c:\users\user\desktop\procademy_project\procademy\project\oop\oop\x64\debug\mynew.obj
c:\users\user\desktop\procademy_project\procademy\project\oop\oop\x64\debug\cplayer.obj
c:\users\user\desktop\procademy_project\procademy\project\oop\oop\x64\debug\main.obj
c:\users\user\desktop\procademy_project\procademy\project\oop\oop\x64\debug\fpsmanager.obj
c:\users\user\desktop\procademy_project\procademy\project\oop\oop\x64\debug\ctitleobject.obj
c:\users\user\desktop\procademy_project\procademy\project\oop\oop\x64\debug\cscenetitle.obj
c:\users\user\desktop\procademy_project\procademy\project\oop\oop\x64\debug\csceneover.obj
c:\users\user\desktop\procademy_project\procademy\project\oop\oop\x64\debug\csceneload.obj
c:\users\user\desktop\procademy_project\procademy\project\oop\oop\x64\debug\cscenegame.obj
c:\users\user\desktop\procademy_project\procademy\project\oop\oop\x64\debug\csceneclear.obj
c:\users\user\desktop\procademy_project\procademy\project\oop\oop\x64\debug\cscenebase.obj
c:\users\user\desktop\procademy_project\procademy\project\oop\oop\x64\debug\cparsing_ansi.obj
c:\users\user\desktop\procademy_project\procademy\project\oop\oop\x64\debug\consolebuffer.obj
c:\users\user\desktop\procademy_project\procademy\project\oop\oop\x64\debug\collisionobject.obj
c:\users\user\desktop\procademy_project\procademy\project\oop\oop\x64\debug\cobjectmanager.obj
c:\users\user\desktop\procademy_project\procademy\project\oop\oop\x64\debug\cenemy.obj
c:\users\user\desktop\procademy_project\procademy\project\oop\oop\x64\debug\cbullet.obj
c:\users\user\desktop\procademy_project\procademy\project\oop\oop\x64\debug\cbaseobject.obj
c:\users\user\desktop\procademy_project\procademy\project\oop\x64\debug\oop.exe
c:\users\user\desktop\procademy_project\procademy\project\oop\x64\debug\oop.pdb
c:\users\user\desktop\procademy_project\procademy\project\oop\oop\x64\debug\oop.ilk
c:\users\user\desktop\procademy_project\procademy\project\oop\oop\x64\debug\oop.tlog\cl.command.1.tlog
c:\users\user\desktop\procademy_project\procademy\project\oop\oop\x64\debug\oop.tlog\cl.items.tlog
c:\users\user\desktop\procademy_project\procademy\project\oop\oop\x64\debug\oop.tlog\cl.read.1.tlog
c:\users\user\desktop\procademy_project\procademy\project\oop\oop\x64\debug\oop.tlog\cl.write.1.tlog
c:\users\user\desktop\procademy_project\procademy\project\oop\oop\x64\debug\oop.tlog\link.command.1.tlog
c:\users\user\desktop\procademy_project\procademy\project\oop\oop\x64\debug\oop.tlog\link.read.1.tlog
c:\users\user\desktop\procademy_project\procademy\project\oop\oop\x64\debug\oop.tlog\link.secondary.1.tlog
c:\users\user\desktop\procademy_project\procademy\project\oop\oop\x64\debug\oop.tlog\link.write.1.tlog
