  CBaseObject.cpp
  CBullet.cpp
  CEnemy.cpp
  CObjectManager.cpp
  ConsoleBuffer.cpp
  CParsing_ANSI.cpp
  CSceneBase.cpp
  CSceneGame.cpp
  CSceneLoad.cpp
  CSceneTitle.cpp
  CTitleObject.cpp
  FPSManager.cpp
  main.cpp
  CPlayer.cpp
  SceneManager.cpp
C:\Users\user\Desktop\procademy_project\procademy\project\OOP\OOP\CObjectManager.h(16,7): error C2143: 구문 오류: ';'이(가) '<' 앞에 없습니다.
  (소스 파일 'CPlayer.cpp'을(를) 컴파일하는 중)
  
C:\Users\user\Desktop\procademy_project\procademy\project\OOP\OOP\CObjectManager.h(16,7): error C4430: 형식 지정자가 없습니다. int로 가정합니다. 참고: C++에서는 기본 int를 지원하지 않습니다.
  (소스 파일 'CPlayer.cpp'을(를) 컴파일하는 중)
  
C:\Users\user\Desktop\procademy_project\procademy\project\OOP\OOP\CObjectManager.h(16,32): error C2238: ';' 앞에 예기치 않은 토큰이 있습니다.
  (소스 파일 'CPlayer.cpp'을(를) 컴파일하는 중)
  
C:\Users\user\Desktop\procademy_project\procademy\project\OOP\OOP\CObjectManager.h(17,7): error C2143: 구문 오류: ';'이(가) '<' 앞에 없습니다.
  (소스 파일 'CPlayer.cpp'을(를) 컴파일하는 중)
  
C:\Users\user\Desktop\procademy_project\procademy\project\OOP\OOP\CObjectManager.h(17,7): error C4430: 형식 지정자가 없습니다. int로 가정합니다. 참고: C++에서는 기본 int를 지원하지 않습니다.
  (소스 파일 'CPlayer.cpp'을(를) 컴파일하는 중)
  
C:\Users\user\Desktop\procademy_project\procademy\project\OOP\OOP\CObjectManager.h(17,32): error C2238: ';' 앞에 예기치 않은 토큰이 있습니다.
  (소스 파일 'CPlayer.cpp'을(를) 컴파일하는 중)
  
  코드를 생성하고 있습니다...
