c:\users\user\desktop\procademy_project\procademy\project\shootinggame_project\shootinggame_project_fps\shootinggame_project_fps\x64\release\vc143.pdb
c:\users\user\desktop\procademy_project\procademy\project\shootinggame_project\shootinggame_project_fps\shootinggame_project_fps\x64\release\title.obj
c:\users\user\desktop\procademy_project\procademy\project\shootinggame_project\shootinggame_project_fps\shootinggame_project_fps\x64\release\player.obj
c:\users\user\desktop\procademy_project\procademy\project\shootinggame_project\shootinggame_project_fps\shootinggame_project_fps\x64\release\main.obj
c:\users\user\desktop\procademy_project\procademy\project\shootinggame_project\shootinggame_project_fps\shootinggame_project_fps\x64\release\load.obj
c:\users\user\desktop\procademy_project\procademy\project\shootinggame_project\shootinggame_project_fps\shootinggame_project_fps\x64\release\keyboard.obj
c:\users\user\desktop\procademy_project\procademy\project\shootinggame_project\shootinggame_project_fps\shootinggame_project_fps\x64\release\enemy.obj
c:\users\user\desktop\procademy_project\procademy\project\shootinggame_project\shootinggame_project_fps\shootinggame_project_fps\x64\release\console.obj
c:\users\user\desktop\procademy_project\procademy\project\shootinggame_project\shootinggame_project_fps\shootinggame_project_fps\x64\release\buffer.obj
c:\users\user\desktop\procademy_project\procademy\project\shootinggame_project\shootinggame_project_fps\x64\release\shootinggame_project_fps.exe
c:\users\user\desktop\procademy_project\procademy\project\shootinggame_project\shootinggame_project_fps\x64\release\shootinggame_project_fps.pdb
c:\users\user\desktop\procademy_project\procademy\project\shootinggame_project\shootinggame_project_fps\shootinggame_project_fps\x64\release\shootinggame_project_fps.ipdb
c:\users\user\desktop\procademy_project\procademy\project\shootinggame_project\shootinggame_project_fps\shootinggame_project_fps\x64\release\shootinggame_project_fps.iobj
c:\users\dpsem\onedrive\바탕 화면\procademy\project\shootinggame_project\shootinggame_project_fps\shootinggame_project_fps\x64\release\buffer.obj
c:\users\dpsem\onedrive\바탕 화면\procademy\project\shootinggame_project\shootinggame_project_fps\shootinggame_project_fps\x64\release\console.obj
c:\users\dpsem\onedrive\바탕 화면\procademy\project\shootinggame_project\shootinggame_project_fps\shootinggame_project_fps\x64\release\enemy.obj
c:\users\dpsem\onedrive\바탕 화면\procademy\project\shootinggame_project\shootinggame_project_fps\shootinggame_project_fps\x64\release\keyboard.obj
c:\users\dpsem\onedrive\바탕 화면\procademy\project\shootinggame_project\shootinggame_project_fps\shootinggame_project_fps\x64\release\load.obj
c:\users\dpsem\onedrive\바탕 화면\procademy\project\shootinggame_project\shootinggame_project_fps\shootinggame_project_fps\x64\release\main.obj
c:\users\dpsem\onedrive\바탕 화면\procademy\project\shootinggame_project\shootinggame_project_fps\shootinggame_project_fps\x64\release\player.obj
c:\users\dpsem\onedrive\바탕 화면\procademy\project\shootinggame_project\shootinggame_project_fps\shootinggame_project_fps\x64\release\title.obj
c:\users\dpsem\onedrive\바탕 화면\procademy\project\shootinggame_project\shootinggame_project_fps\shootinggame_project_fps\x64\release\shootinggame_project_fps.ipdb
c:\users\dpsem\onedrive\바탕 화면\procademy\project\shootinggame_project\shootinggame_project_fps\shootinggame_project_fps\x64\release\shootinggame_project_fps.iobj
c:\users\dpsem\onedrive\바탕 화면\procademy\project\shootinggame_project\shootinggame_project_fps\shootinggame_project_fps\x64\release\vc143.pdb
c:\users\dpsem\onedrive\바탕 화면\procademy\project\shootinggame_project\shootinggame_project_fps\x64\release\shootinggame_project_fps.pdb
c:\users\dpsem\onedrive\바탕 화면\procademy\project\shootinggame_project\shootinggame_project_fps\x64\release\shootinggame_project_fps.exe
c:\users\dpsem\onedrive\바탕 화면\procademy\project\shootinggame_project\shootinggame_project_fps\shootinggame_project_fps\x64\release\shooting.b21b61d0.tlog\cl.command.1.tlog
c:\users\dpsem\onedrive\바탕 화면\procademy\project\shootinggame_project\shootinggame_project_fps\shootinggame_project_fps\x64\release\shooting.b21b61d0.tlog\cl.items.tlog
c:\users\dpsem\onedrive\바탕 화면\procademy\project\shootinggame_project\shootinggame_project_fps\shootinggame_project_fps\x64\release\shooting.b21b61d0.tlog\cl.read.1.tlog
c:\users\dpsem\onedrive\바탕 화면\procademy\project\shootinggame_project\shootinggame_project_fps\shootinggame_project_fps\x64\release\shooting.b21b61d0.tlog\cl.write.1.tlog
c:\users\dpsem\onedrive\바탕 화면\procademy\project\shootinggame_project\shootinggame_project_fps\shootinggame_project_fps\x64\release\shooting.b21b61d0.tlog\link.command.1.tlog
c:\users\dpsem\onedrive\바탕 화면\procademy\project\shootinggame_project\shootinggame_project_fps\shootinggame_project_fps\x64\release\shooting.b21b61d0.tlog\link.read.1.tlog
c:\users\dpsem\onedrive\바탕 화면\procademy\project\shootinggame_project\shootinggame_project_fps\shootinggame_project_fps\x64\release\shooting.b21b61d0.tlog\link.secondary.1.tlog
c:\users\dpsem\onedrive\바탕 화면\procademy\project\shootinggame_project\shootinggame_project_fps\shootinggame_project_fps\x64\release\shooting.b21b61d0.tlog\link.write.1.tlog
