c:\users\user\desktop\procademy_project\procademy\project\oop\oop\debug\vc143.pdb
c:\users\user\desktop\procademy_project\procademy\project\oop\oop\debug\vc143.idb
c:\users\user\desktop\procademy_project\procademy\project\oop\oop\debug\scenemanager.obj
c:\users\user\desktop\procademy_project\procademy\project\oop\oop\debug\main.obj
c:\users\user\desktop\procademy_project\procademy\project\oop\oop\debug\ctitleobject.obj
c:\users\user\desktop\procademy_project\procademy\project\oop\oop\debug\cscenetitle.obj
c:\users\user\desktop\procademy_project\procademy\project\oop\oop\debug\cscenebase.obj
c:\users\user\desktop\procademy_project\procademy\project\oop\oop\debug\cparsing_ansi.obj
c:\users\user\desktop\procademy_project\procademy\project\oop\oop\debug\consolebuffer.obj
c:\users\user\desktop\procademy_project\procademy\project\oop\oop\debug\cobjectmanager.obj
c:\users\user\desktop\procademy_project\procademy\project\oop\oop\debug\cbaseobject.obj
c:\users\user\desktop\procademy_project\procademy\project\oop\oop\debug\oop.ilk
c:\users\user\desktop\procademy_project\procademy\project\oop\debug\oop.exe
c:\users\user\desktop\procademy_project\procademy\project\oop\debug\oop.pdb
c:\users\user\desktop\procademy_project\procademy\project\oop\oop\debug\oop.tlog\cl.command.1.tlog
c:\users\user\desktop\procademy_project\procademy\project\oop\oop\debug\oop.tlog\cl.items.tlog
c:\users\user\desktop\procademy_project\procademy\project\oop\oop\debug\oop.tlog\cl.read.1.tlog
c:\users\user\desktop\procademy_project\procademy\project\oop\oop\debug\oop.tlog\cl.write.1.tlog
c:\users\user\desktop\procademy_project\procademy\project\oop\oop\debug\oop.tlog\link.command.1.tlog
c:\users\user\desktop\procademy_project\procademy\project\oop\oop\debug\oop.tlog\link.read.1.tlog
c:\users\user\desktop\procademy_project\procademy\project\oop\oop\debug\oop.tlog\link.write.1.tlog
