c:\users\user\desktop\procademy_project\procademy\project\shootinggame_project\shootinggame_project\x64\debug\vc143.pdb
c:\users\user\desktop\procademy_project\procademy\project\shootinggame_project\shootinggame_project\x64\debug\vc143.idb
c:\users\user\desktop\procademy_project\procademy\project\shootinggame_project\shootinggame_project\x64\debug\main.obj
c:\users\user\desktop\procademy_project\procademy\project\shootinggame_project\shootinggame_project\x64\debug\console.obj
c:\users\user\desktop\procademy_project\procademy\project\shootinggame_project\shootinggame_project\x64\debug\buffer.obj
c:\users\user\desktop\procademy_project\procademy\project\shootinggame_project\shootinggame_project\x64\debug\gameloading.obj
c:\users\user\desktop\procademy_project\procademy\project\shootinggame_project\shootinggame_project\x64\debug\keyprocess.obj
c:\users\user\desktop\procademy_project\procademy\project\shootinggame_project\shootinggame_project\x64\debug\screenbuffer.obj
c:\users\user\desktop\procademy_project\procademy\project\shootinggame_project\shootinggame_project\x64\debug\shootinggame_project.obj
c:\users\user\desktop\procademy_project\procademy\project\shootinggame_project\shootinggame_project\x64\debug\title.obj
c:\users\user\desktop\procademy_project\procademy\project\shootinggame_project\x64\debug\shootinggame_project.pdb
c:\users\user\desktop\procademy_project\procademy\project\shootinggame_project\shootinggame_project\x64\debug\shooting.58cbc460.tlog\cl.command.1.tlog
c:\users\user\desktop\procademy_project\procademy\project\shootinggame_project\shootinggame_project\x64\debug\shooting.58cbc460.tlog\cl.items.tlog
c:\users\user\desktop\procademy_project\procademy\project\shootinggame_project\shootinggame_project\x64\debug\shooting.58cbc460.tlog\cl.read.1.tlog
c:\users\user\desktop\procademy_project\procademy\project\shootinggame_project\shootinggame_project\x64\debug\shooting.58cbc460.tlog\cl.write.1.tlog
c:\users\user\desktop\procademy_project\procademy\project\shootinggame_project\shootinggame_project\x64\debug\shooting.58cbc460.tlog\link.24560-cvtres.read.1.tlog
c:\users\user\desktop\procademy_project\procademy\project\shootinggame_project\shootinggame_project\x64\debug\shooting.58cbc460.tlog\link.24560-cvtres.write.1.tlog
c:\users\user\desktop\procademy_project\procademy\project\shootinggame_project\shootinggame_project\x64\debug\shooting.58cbc460.tlog\link.24560-rc.read.1.tlog
c:\users\user\desktop\procademy_project\procademy\project\shootinggame_project\shootinggame_project\x64\debug\shooting.58cbc460.tlog\link.24560-rc.write.1.tlog
c:\users\user\desktop\procademy_project\procademy\project\shootinggame_project\shootinggame_project\x64\debug\shooting.58cbc460.tlog\link.24560.read.1.tlog
c:\users\user\desktop\procademy_project\procademy\project\shootinggame_project\shootinggame_project\x64\debug\shooting.58cbc460.tlog\link.24560.read.2.tlog
c:\users\user\desktop\procademy_project\procademy\project\shootinggame_project\shootinggame_project\x64\debug\shooting.58cbc460.tlog\link.24560.write.1.tlog
c:\users\user\desktop\procademy_project\procademy\project\shootinggame_project\shootinggame_project\x64\debug\shooting.58cbc460.tlog\link.command.1.tlog
c:\users\user\desktop\procademy_project\procademy\project\shootinggame_project\shootinggame_project\x64\debug\shooting.58cbc460.tlog\link.read.1.tlog
c:\users\user\desktop\procademy_project\procademy\project\shootinggame_project\shootinggame_project\x64\debug\shooting.58cbc460.tlog\link.write.1.tlog
